[2024-04-01 11:19:25] INFO root fetch - main [MainThread]: Get Changelog since Serial: [404: Not Found]
[2024-04-01 11:20:16] INFO root fetch - main [MainThread]: Get Changelog since Serial: [404: Not Found]
[2024-04-01 11:23:07] INFO root fetch - main [MainThread]: Get Changelog since Serial: [404: Not Found]
[2024-04-01 11:23:23] INFO root fetch - main [MainThread]: Get Changelog since Serial: [404: Not Found]
[2024-04-01 11:23:51] INFO root fetch - main [MainThread]: No serial file found, fetching last serial via API
[2024-04-01 11:23:51] INFO root fetch - main [MainThread]: Get Changelog since Serial: [22567642]
[2024-04-01 11:23:56] INFO root fetch - main [MainThread]: Found 1 changed packages
[2024-04-01 11:23:56] INFO root fetch - processPackages [ThreadPoolExecutor-0_0]: Start processing: cloudquery-plugin-sdk
[2024-04-01 11:23:56] INFO root fetch - processPackages [cloudquery-plugin-sdk]: New version: [0.1.9] Old Version: [0.1.8]
[2024-04-01 11:23:56] INFO root fetch - processPackages [cloudquery-plugin-sdk]: Downloading https://files.pythonhosted.org/packages/8d/fb/733720cbd77f5285dbf2d5e27b1c0aaaa06ff7792bcb8073c0ee5339ca57/cloudquery-plugin-sdk-0.1.8.tar.gz
[2024-04-01 11:23:57] INFO root fetch - processPackages [cloudquery-plugin-sdk]: Downloading https://files.pythonhosted.org/packages/05/dd/0462f062ce579c3d91af881cc72873b51b63a963fc6e8cfc436135ef582a/cloudquery-plugin-sdk-0.1.9.tar.gz
[2024-04-01 11:23:57] INFO root fetch - processPackages [cloudquery-plugin-sdk]: executing diffoscope
[2024-04-01 11:23:57] INFO root fetch - processPackages [cloudquery-plugin-sdk]: podman run --user 0:0 --rm -w /home/abi/fetcher -v /home/abi/fetcher/tmp:/home/abi/fetcher/tmp:ro -v /home/abi/fetcher/20240401:/home/abi/fetcher/20240401:rw registry.salsa.debian.org/reproducible-builds/diffoscope --no-progress tmp/cloudquery-plugin-sdk-0.1.8.tar.gz tmp/cloudquery-plugin-sdk-0.1.9.tar.gz --markdown 20240401/c/cloudquery-plugin-sdk/0.1.8-0.1.9/diff.md --exclude *.pyd
[2024-04-01 11:25:52] INFO root fetch - processPackages [cloudquery-plugin-sdk]: Remove: archive file [/home/abi/fetcher/tmp/cloudquery-plugin-sdk-0.1.8.tar.gz]
[2024-04-01 11:25:52] INFO root fetch - processPackages [cloudquery-plugin-sdk]: Remove: archive file [/home/abi/fetcher/tmp/cloudquery-plugin-sdk-0.1.9.tar.gz]
[2024-04-01 11:25:52] INFO root fetch - main [MainThread]: End processing [cloudquery-plugin-sdk]: success
[2024-04-01 11:25:52] INFO root fetch - main [MainThread]: Store serial: [22567647]
[2024-04-01 11:26:19] INFO root fetch - main [MainThread]: Get Changelog since Serial: [22567647]
[2024-04-01 11:26:23] INFO root fetch - main [MainThread]: Found 5 changed packages
[2024-04-01 11:26:23] INFO root fetch - processPackages [ThreadPoolExecutor-0_0]: Start processing: maxframe
[2024-04-01 11:26:23] INFO root fetch - processPackages [ThreadPoolExecutor-0_1]: Start processing: xingchen
[2024-04-01 11:26:23] INFO root fetch - processPackages [ThreadPoolExecutor-0_2]: Start processing: sortinghat-openinfra
[2024-04-01 11:26:23] INFO root fetch - processPackages [ThreadPoolExecutor-0_3]: Start processing: scalifiai-client
[2024-04-01 11:26:23] INFO root fetch - processPackages [ThreadPoolExecutor-0_4]: Start processing: ExcellAint
[2024-04-01 11:26:24] WARNING root fetch - processPackages [ExcellAint]: Skipping, unable to determine old version
[2024-04-01 11:26:24] INFO root fetch - main [MainThread]: End processing [ExcellAint] error
[2024-04-01 11:26:24] INFO root fetch - processPackages [scalifiai-client]: New version: [1.1.1a9] Old Version: [1.1.1a8]
[2024-04-01 11:26:24] INFO root fetch - processPackages [sortinghat-openinfra]: New version: [0.1.9] Old Version: [0.1.8]
[2024-04-01 11:26:24] INFO root fetch - processPackages [maxframe]: New version: [0.1.0b3] Old Version: [0.1.0b2]
[2024-04-01 11:26:24] INFO root fetch - processPackages [xingchen]: New version: [1.1.1.1] Old Version: [1.1.0]
[2024-04-01 11:26:24] INFO root fetch - processPackages [scalifiai-client]: Downloading https://files.pythonhosted.org/packages/6c/7a/0863d313132473bbd90bb4382355d5f37b7eba5cce0c7e85b333a728f19d/scalifiai-client-1.1.1a8.tar.gz
[2024-04-01 11:26:24] INFO root fetch - processPackages [maxframe]: Downloading https://files.pythonhosted.org/packages/04/ea/86b9c04657ebe649dfac8d7580145970fbbcd7488deef8d80695d7f45eb6/maxframe-0.1.0b2.tar.gz
[2024-04-01 11:26:24] INFO root fetch - processPackages [sortinghat-openinfra]: Downloading https://files.pythonhosted.org/packages/8a/6c/1c1e61c8d119ea0ebf70c6a41a0cd656d47d222d53e28cf7e6e99cedfdac/sortinghat_openinfra-0.1.8.tar.gz
[2024-04-01 11:26:24] INFO root fetch - processPackages [xingchen]: Downloading https://files.pythonhosted.org/packages/dd/e8/4a96b27067e2a29384f136330cffa87765ce3d8dfada51150e4b0d77f748/xingchen-1.1.0.tar.gz
[2024-04-01 11:26:24] INFO root fetch - processPackages [sortinghat-openinfra]: Downloading https://files.pythonhosted.org/packages/0c/84/0bc45c2dd1863f0663b11b86dfc7c4d64f071301cfd272bce23f9140d02e/sortinghat_openinfra-0.1.9.tar.gz
[2024-04-01 11:26:24] INFO root fetch - processPackages [maxframe]: Downloading https://files.pythonhosted.org/packages/b2/f0/6ed21c44fcdb1bee431cc2d0d367ee58c19a8ee502ba28522d2b74f28566/maxframe-0.1.0b3.tar.gz
[2024-04-01 11:26:24] INFO root fetch - processPackages [xingchen]: Downloading https://files.pythonhosted.org/packages/ed/af/10e2858e484510a32d9a61e9faf837f73c90ad44bc0cb289674420e1b85c/xingchen-1.1.1.1.tar.gz
[2024-04-01 11:26:24] INFO root fetch - processPackages [scalifiai-client]: Downloading https://files.pythonhosted.org/packages/db/f3/e29cdb2672cb5acf1f3ebfa514ce2c4ae5aa9f358da79078eb553a97ac7e/scalifiai-client-1.1.1a9.tar.gz
[2024-04-01 11:26:24] INFO root fetch - processPackages [sortinghat-openinfra]: executing diffoscope
[2024-04-01 11:26:24] INFO root fetch - processPackages [sortinghat-openinfra]: podman run --user 0:0 --rm -w /home/abi/fetcher -v /home/abi/fetcher/tmp:/home/abi/fetcher/tmp:ro -v /home/abi/fetcher/20240401:/home/abi/fetcher/20240401:rw registry.salsa.debian.org/reproducible-builds/diffoscope --no-progress tmp/sortinghat_openinfra-0.1.8.tar.gz tmp/sortinghat_openinfra-0.1.9.tar.gz --markdown 20240401/s/sortinghat-openinfra/0.1.8-0.1.9/diff.md --exclude *.pyd
[2024-04-01 11:26:24] INFO root fetch - processPackages [scalifiai-client]: executing diffoscope
[2024-04-01 11:26:24] INFO root fetch - processPackages [scalifiai-client]: podman run --user 0:0 --rm -w /home/abi/fetcher -v /home/abi/fetcher/tmp:/home/abi/fetcher/tmp:ro -v /home/abi/fetcher/20240401:/home/abi/fetcher/20240401:rw registry.salsa.debian.org/reproducible-builds/diffoscope --no-progress tmp/scalifiai-client-1.1.1a8.tar.gz tmp/scalifiai-client-1.1.1a9.tar.gz --markdown 20240401/s/scalifiai-client/1.1.1a8-1.1.1a9/diff.md --exclude *.pyd
[2024-04-01 11:26:24] INFO root fetch - processPackages [xingchen]: executing diffoscope
[2024-04-01 11:26:24] INFO root fetch - processPackages [xingchen]: podman run --user 0:0 --rm -w /home/abi/fetcher -v /home/abi/fetcher/tmp:/home/abi/fetcher/tmp:ro -v /home/abi/fetcher/20240401:/home/abi/fetcher/20240401:rw registry.salsa.debian.org/reproducible-builds/diffoscope --no-progress tmp/xingchen-1.1.0.tar.gz tmp/xingchen-1.1.1.1.tar.gz --markdown 20240401/x/xingchen/1.1.0-1.1.1.1/diff.md --exclude *.pyd
[2024-04-01 11:26:24] INFO root fetch - processPackages [maxframe]: executing diffoscope
[2024-04-01 11:26:24] INFO root fetch - processPackages [maxframe]: podman run --user 0:0 --rm -w /home/abi/fetcher -v /home/abi/fetcher/tmp:/home/abi/fetcher/tmp:ro -v /home/abi/fetcher/20240401:/home/abi/fetcher/20240401:rw registry.salsa.debian.org/reproducible-builds/diffoscope --no-progress tmp/maxframe-0.1.0b2.tar.gz tmp/maxframe-0.1.0b3.tar.gz --markdown 20240401/m/maxframe/0.1.0b2-0.1.0b3/diff.md --exclude *.pyd
[2024-04-01 11:26:25] INFO root fetch - processPackages [sortinghat-openinfra]: Remove: archive file [/home/abi/fetcher/tmp/sortinghat_openinfra-0.1.8.tar.gz]
[2024-04-01 11:26:25] INFO root fetch - processPackages [sortinghat-openinfra]: Remove: archive file [/home/abi/fetcher/tmp/sortinghat_openinfra-0.1.9.tar.gz]
[2024-04-01 11:26:25] INFO root fetch - main [MainThread]: End processing [sortinghat-openinfra]: success
[2024-04-01 11:26:25] INFO root fetch - processPackages [scalifiai-client]: Remove: archive file [/home/abi/fetcher/tmp/scalifiai-client-1.1.1a8.tar.gz]
[2024-04-01 11:26:25] INFO root fetch - processPackages [scalifiai-client]: Remove: archive file [/home/abi/fetcher/tmp/scalifiai-client-1.1.1a9.tar.gz]
[2024-04-01 11:26:25] INFO root fetch - main [MainThread]: End processing [scalifiai-client]: success
[2024-04-01 11:26:25] INFO root fetch - processPackages [xingchen]: Remove: archive file [/home/abi/fetcher/tmp/xingchen-1.1.0.tar.gz]
[2024-04-01 11:26:25] INFO root fetch - processPackages [xingchen]: Remove: archive file [/home/abi/fetcher/tmp/xingchen-1.1.1.1.tar.gz]
[2024-04-01 11:26:25] INFO root fetch - main [MainThread]: End processing [xingchen]: success
[2024-04-01 11:26:27] INFO root fetch - processPackages [maxframe]: Remove: archive file [/home/abi/fetcher/tmp/maxframe-0.1.0b2.tar.gz]
[2024-04-01 11:26:27] INFO root fetch - processPackages [maxframe]: Remove: archive file [/home/abi/fetcher/tmp/maxframe-0.1.0b3.tar.gz]
[2024-04-01 11:26:27] INFO root fetch - main [MainThread]: End processing [maxframe]: success
[2024-04-01 11:26:27] INFO root fetch - main [MainThread]: Store serial: [22567675]
[2024-04-01 11:26:54] INFO root fetch - main [MainThread]: Get Changelog since Serial: [22567675]
[2024-04-01 11:26:59] INFO root fetch - main [MainThread]: No changed packages found
[2024-04-01 11:29:01] INFO root fetch - main [MainThread]: Get Changelog since Serial: [22567676]
[2024-04-01 11:29:05] INFO root fetch - main [MainThread]: Found 2 changed packages
[2024-04-01 11:29:05] INFO root fetch - processPackages [ThreadPoolExecutor-0_0]: Start processing: DLMS-SPODES-client
[2024-04-01 11:29:05] INFO root fetch - processPackages [ThreadPoolExecutor-0_1]: Start processing: sierra-research
[2024-04-01 11:29:05] INFO root fetch - processPackages [DLMS-SPODES-client]: New version: [0.6.7] Old Version: [0.6.6]
[2024-04-01 11:29:05] INFO root fetch - processPackages [sierra-research]: New version: [1.3.6] Old Version: [1.3.5]
[2024-04-01 11:29:06] INFO root fetch - processPackages [DLMS-SPODES-client]: Downloading https://files.pythonhosted.org/packages/ab/6f/0efd4610201bdf9af5fbb5415658d20738e91fe9efe42c246c16051b5527/DLMS_SPODES_client-0.6.6.tar.gz
[2024-04-01 11:29:06] INFO root fetch - processPackages [sierra-research]: Downloading https://files.pythonhosted.org/packages/13/51/9eee0c0d504f4f8f30f7ff4f8d95a15880329daa04113a642b279b9a85a8/sierra-research-1.3.5.tar.gz
[2024-04-01 11:29:06] INFO root fetch - processPackages [DLMS-SPODES-client]: Downloading https://files.pythonhosted.org/packages/e0/82/fb41093aa6b97d464493fc9472cb9cedc3cc339a6bdb0dab0d198e3745ec/DLMS_SPODES_client-0.6.7.tar.gz
[2024-04-01 11:29:06] INFO root fetch - processPackages [DLMS-SPODES-client]: executing diffoscope
[2024-04-01 11:29:06] INFO root fetch - processPackages [DLMS-SPODES-client]: podman run --user 0:0 --rm -w /home/abi/fetcher -v /home/abi/fetcher/tmp:/home/abi/fetcher/tmp:ro -v /home/abi/fetcher/20240401:/home/abi/fetcher/20240401:rw registry.salsa.debian.org/reproducible-builds/diffoscope --no-progress tmp/DLMS_SPODES_client-0.6.6.tar.gz tmp/DLMS_SPODES_client-0.6.7.tar.gz --markdown 20240401/D/DLMS-SPODES-client/0.6.6-0.6.7/diff.md --exclude *.pyd
[2024-04-01 11:29:06] INFO root fetch - processPackages [sierra-research]: Downloading https://files.pythonhosted.org/packages/1d/4e/fcf092474ec26ba311451cc9c2bf9570363435539526963e6705668219b8/sierra-research-1.3.6.tar.gz
[2024-04-01 11:29:07] INFO root fetch - processPackages [sierra-research]: executing diffoscope
[2024-04-01 11:29:07] INFO root fetch - processPackages [sierra-research]: podman run --user 0:0 --rm -w /home/abi/fetcher -v /home/abi/fetcher/tmp:/home/abi/fetcher/tmp:ro -v /home/abi/fetcher/20240401:/home/abi/fetcher/20240401:rw registry.salsa.debian.org/reproducible-builds/diffoscope --no-progress tmp/sierra-research-1.3.5.tar.gz tmp/sierra-research-1.3.6.tar.gz --markdown 20240401/s/sierra-research/1.3.5-1.3.6/diff.md --exclude *.pyd
[2024-04-01 11:29:07] INFO root fetch - processPackages [DLMS-SPODES-client]: Remove: archive file [/home/abi/fetcher/tmp/DLMS_SPODES_client-0.6.6.tar.gz]
[2024-04-01 11:29:07] INFO root fetch - processPackages [DLMS-SPODES-client]: Remove: archive file [/home/abi/fetcher/tmp/DLMS_SPODES_client-0.6.7.tar.gz]
[2024-04-01 11:29:07] INFO root fetch - main [MainThread]: End processing [DLMS-SPODES-client]: success
[2024-04-01 11:29:08] INFO root fetch - processPackages [sierra-research]: Remove: archive file [/home/abi/fetcher/tmp/sierra-research-1.3.5.tar.gz]
[2024-04-01 11:29:08] INFO root fetch - processPackages [sierra-research]: Remove: archive file [/home/abi/fetcher/tmp/sierra-research-1.3.6.tar.gz]
[2024-04-01 11:29:08] INFO root fetch - main [MainThread]: End processing [sierra-research]: success
[2024-04-01 11:29:08] INFO root fetch - main [MainThread]: Store serial: [22567686]
[2024-04-01 11:31:13] INFO root fetch - main [MainThread]: Get Changelog since Serial: [22567686]
[2024-04-01 11:31:18] INFO root fetch - main [MainThread]: Found 6 changed packages
[2024-04-01 11:31:18] INFO root fetch - processPackages [ThreadPoolExecutor-0_0]: Start processing: gigachain
[2024-04-01 11:31:18] INFO root fetch - processPackages [ThreadPoolExecutor-0_1]: Start processing: froggius
[2024-04-01 11:31:18] INFO root fetch - processPackages [ThreadPoolExecutor-0_2]: Start processing: SightTraining
[2024-04-01 11:31:18] INFO root fetch - processPackages [ThreadPoolExecutor-0_3]: Start processing: d-fake-seeder
[2024-04-01 11:31:18] INFO root fetch - processPackages [ThreadPoolExecutor-0_4]: Start processing: bap-elk-backends
[2024-04-01 11:31:18] INFO root fetch - processPackages [ThreadPoolExecutor-0_5]: Start processing: excellaint
[2024-04-01 11:31:18] WARNING root fetch - processPackages [excellaint]: Skipping, unable to determine old version
[2024-04-01 11:31:18] INFO root fetch - main [MainThread]: End processing [excellaint] error
[2024-04-01 11:31:18] INFO root fetch - processPackages [SightTraining]: New version: [0.1.12] Old Version: [0.1.11]
[2024-04-01 11:31:18] INFO root fetch - processPackages [d-fake-seeder]: New version: [0.0.9] Old Version: [0.0.8]
[2024-04-01 11:31:18] INFO root fetch - processPackages [bap-elk-backends]: New version: [0.5.1rc1] Old Version: [0.5.1]
[2024-04-01 11:31:18] INFO root fetch - processPackages [froggius]: New version: [0.1.4] Old Version: [0.1.3]
[2024-04-01 11:31:18] INFO root fetch - processPackages [gigachain]: New version: [0.1.9] Old Version: [0.1.7.1]
[2024-04-01 11:31:19] INFO root fetch - processPackages [SightTraining]: Downloading https://files.pythonhosted.org/packages/06/79/63a84f3eeef712a7d3d92ab9a8fd454282ac0713f873545542b97e3ba099/SightTraining-0.1.11.tar.gz
[2024-04-01 11:31:19] INFO root fetch - processPackages [d-fake-seeder]: Downloading https://files.pythonhosted.org/packages/5a/3d/dd8859ac650af2eca18fdfe4bee902f66fbac12a9823cd7a7ccde6e0570a/d_fake_seeder-0.0.8.tar.gz
[2024-04-01 11:31:19] INFO root fetch - processPackages [bap-elk-backends]: Downloading https://files.pythonhosted.org/packages/76/b4/4cfc2f95d60b112702b11c728ab4d9be9420757424f8516dab265129af2d/bap_elk_backends-0.5.1.tar.gz
[2024-04-01 11:31:19] INFO root fetch - processPackages [froggius]: Downloading https://files.pythonhosted.org/packages/df/2b/a34fd2f39f8d3b08da961d81063e0d22875fb89206fd716f4f0e7d32ce8d/froggius-0.1.3.tar.gz
[2024-04-01 11:31:19] INFO root fetch - processPackages [gigachain]: Downloading https://files.pythonhosted.org/packages/bf/f0/1f167bb69817a942f3e9cb8282633c4f9a07090ac14ed8ddc8210d447681/gigachain-0.1.7.1.tar.gz
[2024-04-01 11:31:19] INFO root fetch - processPackages [SightTraining]: Downloading https://files.pythonhosted.org/packages/d5/17/4e3b6cd33ee8fba6a12fa64335f0462df938e5b80f1e645bc3177088b1e6/SightTraining-0.1.12.tar.gz
[2024-04-01 11:31:19] INFO root fetch - processPackages [d-fake-seeder]: Downloading https://files.pythonhosted.org/packages/7a/14/7bd315d0aa9f162efb68e3fa76708564d5e536a6150b1bb427ea1dcb37f6/d_fake_seeder-0.0.9.tar.gz
[2024-04-01 11:31:19] INFO root fetch - processPackages [froggius]: Downloading https://files.pythonhosted.org/packages/26/23/310e31157e38e5c0bbce740c34f12f08d57a85e9a7d05dd415e35d449d77/froggius-0.1.4.tar.gz
[2024-04-01 11:31:19] INFO root fetch - processPackages [gigachain]: Downloading https://files.pythonhosted.org/packages/7c/cc/a8043330cdeaf99283d32ae65f5a3122d966c1c6b075793eb4ded7a621f6/gigachain-0.1.9.tar.gz
[2024-04-01 11:31:19] INFO root fetch - processPackages [bap-elk-backends]: Downloading https://files.pythonhosted.org/packages/41/c2/50923a25ca54251fff03c810fab92d5f5d07a30961382cd9739ff8cb349f/bap_elk_backends-0.5.1rc1.tar.gz
[2024-04-01 11:31:19] INFO root fetch - processPackages [SightTraining]: executing diffoscope
[2024-04-01 11:31:19] INFO root fetch - processPackages [SightTraining]: podman run --user 0:0 --rm -w /home/abi/fetcher -v /home/abi/fetcher/tmp:/home/abi/fetcher/tmp:ro -v /home/abi/fetcher/20240401:/home/abi/fetcher/20240401:rw registry.salsa.debian.org/reproducible-builds/diffoscope --no-progress tmp/SightTraining-0.1.11.tar.gz tmp/SightTraining-0.1.12.tar.gz --markdown 20240401/S/SightTraining/0.1.11-0.1.12/diff.md --exclude *.pyd
[2024-04-01 11:31:19] INFO root fetch - processPackages [froggius]: executing diffoscope
[2024-04-01 11:31:19] INFO root fetch - processPackages [froggius]: podman run --user 0:0 --rm -w /home/abi/fetcher -v /home/abi/fetcher/tmp:/home/abi/fetcher/tmp:ro -v /home/abi/fetcher/20240401:/home/abi/fetcher/20240401:rw registry.salsa.debian.org/reproducible-builds/diffoscope --no-progress tmp/froggius-0.1.3.tar.gz tmp/froggius-0.1.4.tar.gz --markdown 20240401/f/froggius/0.1.3-0.1.4/diff.md --exclude *.pyd
[2024-04-01 11:31:19] INFO root fetch - processPackages [d-fake-seeder]: executing diffoscope
[2024-04-01 11:31:19] INFO root fetch - processPackages [d-fake-seeder]: podman run --user 0:0 --rm -w /home/abi/fetcher -v /home/abi/fetcher/tmp:/home/abi/fetcher/tmp:ro -v /home/abi/fetcher/20240401:/home/abi/fetcher/20240401:rw registry.salsa.debian.org/reproducible-builds/diffoscope --no-progress tmp/d_fake_seeder-0.0.8.tar.gz tmp/d_fake_seeder-0.0.9.tar.gz --markdown 20240401/d/d-fake-seeder/0.0.8-0.0.9/diff.md --exclude *.pyd
[2024-04-01 11:31:19] INFO root fetch - processPackages [gigachain]: executing diffoscope
[2024-04-01 11:31:19] INFO root fetch - processPackages [gigachain]: podman run --user 0:0 --rm -w /home/abi/fetcher -v /home/abi/fetcher/tmp:/home/abi/fetcher/tmp:ro -v /home/abi/fetcher/20240401:/home/abi/fetcher/20240401:rw registry.salsa.debian.org/reproducible-builds/diffoscope --no-progress tmp/gigachain-0.1.7.1.tar.gz tmp/gigachain-0.1.9.tar.gz --markdown 20240401/g/gigachain/0.1.7.1-0.1.9/diff.md --exclude *.pyd
[2024-04-01 11:31:19] INFO root fetch - processPackages [bap-elk-backends]: executing diffoscope
[2024-04-01 11:31:19] INFO root fetch - processPackages [bap-elk-backends]: podman run --user 0:0 --rm -w /home/abi/fetcher -v /home/abi/fetcher/tmp:/home/abi/fetcher/tmp:ro -v /home/abi/fetcher/20240401:/home/abi/fetcher/20240401:rw registry.salsa.debian.org/reproducible-builds/diffoscope --no-progress tmp/bap_elk_backends-0.5.1.tar.gz tmp/bap_elk_backends-0.5.1rc1.tar.gz --markdown 20240401/b/bap-elk-backends/0.5.1-0.5.1rc1/diff.md --exclude *.pyd
[2024-04-01 11:31:20] INFO root fetch - processPackages [froggius]: Remove: archive file [/home/abi/fetcher/tmp/froggius-0.1.3.tar.gz]
[2024-04-01 11:31:20] INFO root fetch - processPackages [froggius]: Remove: archive file [/home/abi/fetcher/tmp/froggius-0.1.4.tar.gz]
[2024-04-01 11:31:20] INFO root fetch - main [MainThread]: End processing [froggius]: success
[2024-04-01 11:31:20] INFO root fetch - processPackages [SightTraining]: Remove: archive file [/home/abi/fetcher/tmp/SightTraining-0.1.11.tar.gz]
[2024-04-01 11:31:20] INFO root fetch - processPackages [SightTraining]: Remove: archive file [/home/abi/fetcher/tmp/SightTraining-0.1.12.tar.gz]
[2024-04-01 11:31:20] INFO root fetch - main [MainThread]: End processing [SightTraining]: success
[2024-04-01 11:31:20] INFO root fetch - processPackages [d-fake-seeder]: Remove: archive file [/home/abi/fetcher/tmp/d_fake_seeder-0.0.8.tar.gz]
[2024-04-01 11:31:20] INFO root fetch - processPackages [d-fake-seeder]: Remove: archive file [/home/abi/fetcher/tmp/d_fake_seeder-0.0.9.tar.gz]
[2024-04-01 11:31:20] INFO root fetch - main [MainThread]: End processing [d-fake-seeder]: success
[2024-04-01 11:31:20] INFO root fetch - processPackages [bap-elk-backends]: Remove: archive file [/home/abi/fetcher/tmp/bap_elk_backends-0.5.1.tar.gz]
[2024-04-01 11:31:20] INFO root fetch - processPackages [bap-elk-backends]: Remove: archive file [/home/abi/fetcher/tmp/bap_elk_backends-0.5.1rc1.tar.gz]
[2024-04-01 11:31:20] INFO root fetch - main [MainThread]: End processing [bap-elk-backends]: success
[2024-04-01 11:31:22] INFO root fetch - processPackages [gigachain]: Remove: archive file [/home/abi/fetcher/tmp/gigachain-0.1.7.1.tar.gz]
[2024-04-01 11:31:22] INFO root fetch - processPackages [gigachain]: Remove: archive file [/home/abi/fetcher/tmp/gigachain-0.1.9.tar.gz]
[2024-04-01 11:31:22] INFO root fetch - main [MainThread]: End processing [gigachain]: success
[2024-04-01 11:31:22] INFO root fetch - main [MainThread]: Store serial: [22567735]
